<?xml version="1.0" encoding="UTF-8"?>
<testng-results ignored="0" total="3" passed="3" failed="0" skipped="0">
  <reporter-output>
  </reporter-output>
  <suite started-at="2026-05-12T17:50:06 EDT" name="Cucumber Test Suite" finished-at="2026-05-12T17:50:09 EDT" duration-ms="2782">
    <groups>
      <group name="cucumber">
        <method signature="AbstractTestNGCucumberTests.runScenario(io.cucumber.testng.PickleWrapper,io.cucumber.testng.FeatureWrapper)[pri:0, instance:xohairtoo.TestRunner@4c371370]" name="runScenario" class="io.cucumber.testng.AbstractTestNGCucumberTests"/>
      </group> <!-- cucumber -->
    </groups>
    <test started-at="2026-05-12T17:50:06 EDT" name="Cucumber Tests" finished-at="2026-05-12T17:50:09 EDT" duration-ms="2782">
      <class name="xohairtoo.TestRunner">
        <test-method is-config="true" signature="setUpClass(org.testng.ITestContext)[pri:0, instance:xohairtoo.TestRunner@4c371370]" started-at="2026-05-12T17:50:06 EDT" name="setUpClass" finished-at="2026-05-12T17:50:07 EDT" duration-ms="315" status="PASS">
          <params>
            <param index="0">
              <value>
                <![CDATA[org.testng.TestRunner@58ebfbcb]]>
              </value>
            </param>
          </params>
          <reporter-output>
          </reporter-output>
        </test-method> <!-- setUpClass -->
        <test-method signature="runScenario(io.cucumber.testng.PickleWrapper,io.cucumber.testng.FeatureWrapper)[pri:0, instance:xohairtoo.TestRunner@4c371370]" started-at="2026-05-12T17:50:07 EDT" name="runScenario" description="Runs Cucumber Scenarios" data-provider="scenarios" finished-at="2026-05-12T17:50:08 EDT" duration-ms="1431" status="PASS">
          <params>
            <param index="0">
              <value>
                <![CDATA["Navigate to fakeStoreApi and create a user"]]>
              </value>
            </param>
            <param index="1">
              <value>
                <![CDATA["Fake Store API play"]]>
              </value>
            </param>
          </params>
          <reporter-output>
          </reporter-output>
        </test-method> <!-- runScenario -->
        <test-method signature="runScenario(io.cucumber.testng.PickleWrapper,io.cucumber.testng.FeatureWrapper)[pri:0, instance:xohairtoo.TestRunner@4c371370]" started-at="2026-05-12T17:50:08 EDT" name="runScenario" description="Runs Cucumber Scenarios" data-provider="scenarios" finished-at="2026-05-12T17:50:09 EDT" duration-ms="949" status="PASS">
          <params>
            <param index="0">
              <value>
                <![CDATA["Navigate to fakeStoreApi and create a new product"]]>
              </value>
            </param>
            <param index="1">
              <value>
                <![CDATA["Fake Store API play"]]>
              </value>
            </param>
          </params>
          <reporter-output>
          </reporter-output>
        </test-method> <!-- runScenario -->
        <test-method signature="runScenario(io.cucumber.testng.PickleWrapper,io.cucumber.testng.FeatureWrapper)[pri:0, instance:xohairtoo.TestRunner@4c371370]" started-at="2026-05-12T17:50:09 EDT" name="runScenario" description="Runs Cucumber Scenarios" data-provider="scenarios" finished-at="2026-05-12T17:50:09 EDT" duration-ms="44" status="PASS">
          <params>
            <param index="0">
              <value>
                <![CDATA["Successful user registration"]]>
              </value>
            </param>
            <param index="1">
              <value>
                <![CDATA["User Registration"]]>
              </value>
            </param>
          </params>
          <reporter-output>
          </reporter-output>
        </test-method> <!-- runScenario -->
        <test-method is-config="true" signature="tearDownClass()[pri:0, instance:xohairtoo.TestRunner@4c371370]" started-at="2026-05-12T17:50:09 EDT" name="tearDownClass" finished-at="2026-05-12T17:50:09 EDT" duration-ms="28" status="PASS">
          <reporter-output>
          </reporter-output>
        </test-method> <!-- tearDownClass -->
      </class> <!-- xohairtoo.TestRunner -->
    </test> <!-- Cucumber Tests -->
  </suite> <!-- Cucumber Test Suite -->
</testng-results>
