<?xml version="1.0" encoding="UTF-8"?>
<!-- Generated by org.testng.reporters.JUnitReportReporter -->
<testsuite hostname="Zohairs-MacBook-Air.local" failures="0" tests="3" name="xohairtoo.TestRunner" time="2.424" errors="0" timestamp="2026-05-12T17:50:09 EDT" skipped="0">
  <testcase classname="xohairtoo.TestRunner" name="runScenario" time="0.949"/>
  <system-out/>
  <testcase classname="xohairtoo.TestRunner" name="runScenario" time="1.431"/>
  <system-out/>
  <testcase classname="xohairtoo.TestRunner" name="runScenario" time="0.044"/>
  <system-out/>
</testsuite> <!-- xohairtoo.TestRunner -->
